{"/home/mchait/Springboard/Node/Express/express-pg-intro-demo/express-biztime/app.js": {"path":"/home/mchait/Springboard/Node/Express/express-pg-intro-demo/express-biztime/app.js","statementMap":{"0":{"start":{"line":2,"column":16},"end":{"line":2,"column":34}},"1":{"start":{"line":4,"column":12},"end":{"line":4,"column":21}},"2":{"start":{"line":5,"column":21},"end":{"line":5,"column":46}},"3":{"start":{"line":7,"column":0},"end":{"line":7,"column":24}},"4":{"start":{"line":9,"column":16},"end":{"line":9,"column":45}},"5":{"start":{"line":10,"column":0},"end":{"line":10,"column":31}},"6":{"start":{"line":12,"column":16},"end":{"line":12,"column":44}},"7":{"start":{"line":13,"column":0},"end":{"line":13,"column":30}},"8":{"start":{"line":17,"column":0},"end":{"line":20,"column":3}},"9":{"start":{"line":18,"column":14},"end":{"line":18,"column":48}},"10":{"start":{"line":19,"column":2},"end":{"line":19,"column":19}},"11":{"start":{"line":24,"column":0},"end":{"line":33,"column":3}},"12":{"start":{"line":25,"column":15},"end":{"line":25,"column":32}},"13":{"start":{"line":27,"column":2},"end":{"line":32,"column":5}},"14":{"start":{"line":36,"column":0},"end":{"line":36,"column":21}}},"fnMap":{"0":{"name":"(anonymous_0)","decl":{"start":{"line":17,"column":8},"end":{"line":17,"column":9}},"loc":{"start":{"line":17,"column":34},"end":{"line":20,"column":1}},"line":17},"1":{"name":"(anonymous_1)","decl":{"start":{"line":24,"column":8},"end":{"line":24,"column":9}},"loc":{"start":{"line":24,"column":33},"end":{"line":33,"column":1}},"line":24}},"branchMap":{"0":{"loc":{"start":{"line":25,"column":15},"end":{"line":25,"column":32}},"type":"binary-expr","locations":[{"start":{"line":25,"column":15},"end":{"line":25,"column":25}},{"start":{"line":25,"column":29},"end":{"line":25,"column":32}}],"line":25}},"s":{"0":2,"1":2,"2":2,"3":2,"4":2,"5":2,"6":2,"7":2,"8":2,"9":2,"10":2,"11":2,"12":5,"13":5,"14":2},"f":{"0":2,"1":5},"b":{"0":[5,0]},"_coverageSchema":"1a1c01bbd47fc00a2c39e90264f33305004495a9","hash":"7661ad3de7628d21555de7af49c5a5d356210a39"}
,"/home/mchait/Springboard/Node/Express/express-pg-intro-demo/express-biztime/db.js": {"path":"/home/mchait/Springboard/Node/Express/express-pg-intro-demo/express-biztime/db.js","statementMap":{"0":{"start":{"line":3,"column":19},"end":{"line":3,"column":32}},"1":{"start":{"line":9,"column":0},"end":{"line":13,"column":1}},"2":{"start":{"line":10,"column":4},"end":{"line":10,"column":42}},"3":{"start":{"line":12,"column":7},"end":{"line":12,"column":40}},"4":{"start":{"line":15,"column":9},"end":{"line":17,"column":2}},"5":{"start":{"line":19,"column":0},"end":{"line":19,"column":13}},"6":{"start":{"line":21,"column":0},"end":{"line":21,"column":20}}},"fnMap":{},"branchMap":{"0":{"loc":{"start":{"line":9,"column":0},"end":{"line":13,"column":1}},"type":"if","locations":[{"start":{"line":9,"column":0},"end":{"line":13,"column":1}},{"start":{"line":11,"column":7},"end":{"line":13,"column":1}}],"line":9}},"s":{"0":2,"1":2,"2":2,"3":0,"4":2,"5":2,"6":2},"f":{},"b":{"0":[2,0]},"_coverageSchema":"1a1c01bbd47fc00a2c39e90264f33305004495a9","hash":"e6a3e2b56d20954e7b9a04ecff22698ff5501c2c"}
,"/home/mchait/Springboard/Node/Express/express-pg-intro-demo/express-biztime/expressError.js": {"path":"/home/mchait/Springboard/Node/Express/express-pg-intro-demo/express-biztime/expressError.js","statementMap":{"0":{"start":{"line":9,"column":4},"end":{"line":9,"column":12}},"1":{"start":{"line":10,"column":4},"end":{"line":10,"column":27}},"2":{"start":{"line":11,"column":4},"end":{"line":11,"column":25}},"3":{"start":{"line":12,"column":4},"end":{"line":12,"column":30}},"4":{"start":{"line":17,"column":0},"end":{"line":17,"column":30}}},"fnMap":{"0":{"name":"(anonymous_0)","decl":{"start":{"line":8,"column":2},"end":{"line":8,"column":3}},"loc":{"start":{"line":8,"column":31},"end":{"line":13,"column":3}},"line":8}},"branchMap":{},"s":{"0":5,"1":5,"2":5,"3":5,"4":2},"f":{"0":5},"b":{},"_coverageSchema":"1a1c01bbd47fc00a2c39e90264f33305004495a9","hash":"728a8734aa31a0a76a14d2d33f0af56001e1e5b4"}
,"/home/mchait/Springboard/Node/Express/express-pg-intro-demo/express-biztime/routes/companies.js": {"path":"/home/mchait/Springboard/Node/Express/express-pg-intro-demo/express-biztime/routes/companies.js","statementMap":{"0":{"start":{"line":1,"column":16},"end":{"line":1,"column":34}},"1":{"start":{"line":2,"column":21},"end":{"line":2,"column":47}},"2":{"start":{"line":3,"column":15},"end":{"line":3,"column":31}},"3":{"start":{"line":4,"column":11},"end":{"line":4,"column":27}},"4":{"start":{"line":6,"column":0},"end":{"line":14,"column":2}},"5":{"start":{"line":7,"column":4},"end":{"line":13,"column":5}},"6":{"start":{"line":8,"column":24},"end":{"line":8,"column":88}},"7":{"start":{"line":9,"column":8},"end":{"line":9,"column":52}},"8":{"start":{"line":12,"column":8},"end":{"line":12,"column":22}},"9":{"start":{"line":15,"column":0},"end":{"line":30,"column":2}},"10":{"start":{"line":16,"column":4},"end":{"line":29,"column":5}},"11":{"start":{"line":17,"column":25},"end":{"line":17,"column":35}},"12":{"start":{"line":18,"column":28},"end":{"line":18,"column":91}},"13":{"start":{"line":19,"column":27},"end":{"line":19,"column":95}},"14":{"start":{"line":20,"column":8},"end":{"line":22,"column":9}},"15":{"start":{"line":21,"column":12},"end":{"line":21,"column":86}},"16":{"start":{"line":23,"column":22},"end":{"line":23,"column":41}},"17":{"start":{"line":24,"column":26},"end":{"line":24,"column":60}},"18":{"start":{"line":24,"column":53},"end":{"line":24,"column":59}},"19":{"start":{"line":25,"column":8},"end":{"line":25,"column":38}},"20":{"start":{"line":26,"column":8},"end":{"line":26,"column":45}},"21":{"start":{"line":28,"column":8},"end":{"line":28,"column":22}},"22":{"start":{"line":31,"column":0},"end":{"line":41,"column":2}},"23":{"start":{"line":32,"column":4},"end":{"line":40,"column":5}},"24":{"start":{"line":33,"column":44},"end":{"line":33,"column":52}},"25":{"start":{"line":34,"column":24},"end":{"line":36,"column":70}},"26":{"start":{"line":37,"column":8},"end":{"line":37,"column":65}},"27":{"start":{"line":39,"column":8},"end":{"line":39,"column":22}},"28":{"start":{"line":42,"column":0},"end":{"line":54,"column":2}},"29":{"start":{"line":43,"column":4},"end":{"line":53,"column":5}},"30":{"start":{"line":44,"column":25},"end":{"line":44,"column":35}},"31":{"start":{"line":45,"column":38},"end":{"line":45,"column":46}},"32":{"start":{"line":46,"column":24},"end":{"line":46,"column":161}},"33":{"start":{"line":47,"column":8},"end":{"line":49,"column":9}},"34":{"start":{"line":48,"column":12},"end":{"line":48,"column":84}},"35":{"start":{"line":50,"column":8},"end":{"line":50,"column":53}},"36":{"start":{"line":52,"column":8},"end":{"line":52,"column":22}},"37":{"start":{"line":55,"column":0},"end":{"line":67,"column":2}},"38":{"start":{"line":56,"column":4},"end":{"line":66,"column":5}},"39":{"start":{"line":57,"column":25},"end":{"line":57,"column":35}},"40":{"start":{"line":58,"column":25},"end":{"line":58,"column":93}},"41":{"start":{"line":59,"column":8},"end":{"line":61,"column":9}},"42":{"start":{"line":60,"column":12},"end":{"line":60,"column":81}},"43":{"start":{"line":62,"column":24},"end":{"line":62,"column":87}},"44":{"start":{"line":63,"column":8},"end":{"line":63,"column":46}},"45":{"start":{"line":65,"column":8},"end":{"line":65,"column":22}},"46":{"start":{"line":69,"column":0},"end":{"line":69,"column":24}}},"fnMap":{"0":{"name":"(anonymous_0)","decl":{"start":{"line":6,"column":16},"end":{"line":6,"column":17}},"loc":{"start":{"line":6,"column":42},"end":{"line":14,"column":1}},"line":6},"1":{"name":"(anonymous_1)","decl":{"start":{"line":15,"column":21},"end":{"line":15,"column":22}},"loc":{"start":{"line":15,"column":47},"end":{"line":30,"column":1}},"line":15},"2":{"name":"(anonymous_2)","decl":{"start":{"line":24,"column":46},"end":{"line":24,"column":47}},"loc":{"start":{"line":24,"column":53},"end":{"line":24,"column":59}},"line":24},"3":{"name":"(anonymous_3)","decl":{"start":{"line":31,"column":17},"end":{"line":31,"column":18}},"loc":{"start":{"line":31,"column":43},"end":{"line":41,"column":1}},"line":31},"4":{"name":"(anonymous_4)","decl":{"start":{"line":42,"column":21},"end":{"line":42,"column":22}},"loc":{"start":{"line":42,"column":47},"end":{"line":54,"column":1}},"line":42},"5":{"name":"(anonymous_5)","decl":{"start":{"line":55,"column":24},"end":{"line":55,"column":25}},"loc":{"start":{"line":55,"column":50},"end":{"line":67,"column":1}},"line":55}},"branchMap":{"0":{"loc":{"start":{"line":20,"column":8},"end":{"line":22,"column":9}},"type":"if","locations":[{"start":{"line":20,"column":8},"end":{"line":22,"column":9}},{"start":{},"end":{}}],"line":20},"1":{"loc":{"start":{"line":47,"column":8},"end":{"line":49,"column":9}},"type":"if","locations":[{"start":{"line":47,"column":8},"end":{"line":49,"column":9}},{"start":{},"end":{}}],"line":47},"2":{"loc":{"start":{"line":59,"column":8},"end":{"line":61,"column":9}},"type":"if","locations":[{"start":{"line":59,"column":8},"end":{"line":61,"column":9}},{"start":{},"end":{}}],"line":59}},"s":{"0":2,"1":2,"2":2,"3":2,"4":2,"5":1,"6":1,"7":1,"8":0,"9":2,"10":2,"11":2,"12":2,"13":2,"14":2,"15":1,"16":1,"17":1,"18":1,"19":1,"20":1,"21":1,"22":2,"23":1,"24":1,"25":1,"26":1,"27":0,"28":2,"29":1,"30":1,"31":1,"32":1,"33":1,"34":0,"35":1,"36":0,"37":2,"38":2,"39":2,"40":2,"41":2,"42":1,"43":1,"44":1,"45":1,"46":2},"f":{"0":1,"1":2,"2":1,"3":1,"4":1,"5":2},"b":{"0":[1,1],"1":[0,1],"2":[1,1]},"_coverageSchema":"1a1c01bbd47fc00a2c39e90264f33305004495a9","hash":"09bec79ce9036fe1bf4b4cca58930ae2cf88b5e4"}
,"/home/mchait/Springboard/Node/Express/express-pg-intro-demo/express-biztime/routes/invoices.js": {"path":"/home/mchait/Springboard/Node/Express/express-pg-intro-demo/express-biztime/routes/invoices.js","statementMap":{"0":{"start":{"line":1,"column":16},"end":{"line":1,"column":34}},"1":{"start":{"line":2,"column":21},"end":{"line":2,"column":47}},"2":{"start":{"line":3,"column":15},"end":{"line":3,"column":31}},"3":{"start":{"line":4,"column":11},"end":{"line":4,"column":27}},"4":{"start":{"line":6,"column":0},"end":{"line":14,"column":2}},"5":{"start":{"line":7,"column":4},"end":{"line":13,"column":5}},"6":{"start":{"line":8,"column":24},"end":{"line":8,"column":88}},"7":{"start":{"line":9,"column":8},"end":{"line":9,"column":51}},"8":{"start":{"line":12,"column":8},"end":{"line":12,"column":22}},"9":{"start":{"line":15,"column":0},"end":{"line":40,"column":2}},"10":{"start":{"line":16,"column":4},"end":{"line":39,"column":5}},"11":{"start":{"line":17,"column":23},"end":{"line":17,"column":33}},"12":{"start":{"line":18,"column":24},"end":{"line":19,"column":97}},"13":{"start":{"line":20,"column":8},"end":{"line":22,"column":9}},"14":{"start":{"line":21,"column":12},"end":{"line":21,"column":82}},"15":{"start":{"line":23,"column":21},"end":{"line":23,"column":36}},"16":{"start":{"line":24,"column":24},"end":{"line":35,"column":9}},"17":{"start":{"line":36,"column":8},"end":{"line":36,"column":45}},"18":{"start":{"line":38,"column":8},"end":{"line":38,"column":22}},"19":{"start":{"line":41,"column":0},"end":{"line":53,"column":2}},"20":{"start":{"line":42,"column":4},"end":{"line":52,"column":5}},"21":{"start":{"line":43,"column":35},"end":{"line":43,"column":43}},"22":{"start":{"line":44,"column":8},"end":{"line":44,"column":78}},"23":{"start":{"line":45,"column":24},"end":{"line":48,"column":29}},"24":{"start":{"line":49,"column":8},"end":{"line":49,"column":65}},"25":{"start":{"line":51,"column":8},"end":{"line":51,"column":22}},"26":{"start":{"line":54,"column":0},"end":{"line":69,"column":2}},"27":{"start":{"line":55,"column":4},"end":{"line":68,"column":5}},"28":{"start":{"line":56,"column":23},"end":{"line":56,"column":33}},"29":{"start":{"line":57,"column":30},"end":{"line":57,"column":38}},"30":{"start":{"line":58,"column":24},"end":{"line":61,"column":18}},"31":{"start":{"line":62,"column":8},"end":{"line":64,"column":9}},"32":{"start":{"line":63,"column":12},"end":{"line":63,"column":80}},"33":{"start":{"line":65,"column":8},"end":{"line":65,"column":53}},"34":{"start":{"line":67,"column":8},"end":{"line":67,"column":22}},"35":{"start":{"line":70,"column":0},"end":{"line":77,"column":2}},"36":{"start":{"line":71,"column":4},"end":{"line":76,"column":5}},"37":{"start":{"line":72,"column":24},"end":{"line":72,"column":87}},"38":{"start":{"line":73,"column":8},"end":{"line":73,"column":46}},"39":{"start":{"line":75,"column":8},"end":{"line":75,"column":22}},"40":{"start":{"line":79,"column":0},"end":{"line":79,"column":24}}},"fnMap":{"0":{"name":"(anonymous_0)","decl":{"start":{"line":6,"column":16},"end":{"line":6,"column":17}},"loc":{"start":{"line":6,"column":42},"end":{"line":14,"column":1}},"line":6},"1":{"name":"(anonymous_1)","decl":{"start":{"line":15,"column":19},"end":{"line":15,"column":20}},"loc":{"start":{"line":15,"column":45},"end":{"line":40,"column":1}},"line":15},"2":{"name":"(anonymous_2)","decl":{"start":{"line":41,"column":17},"end":{"line":41,"column":18}},"loc":{"start":{"line":41,"column":43},"end":{"line":53,"column":1}},"line":41},"3":{"name":"(anonymous_3)","decl":{"start":{"line":54,"column":19},"end":{"line":54,"column":20}},"loc":{"start":{"line":54,"column":45},"end":{"line":69,"column":1}},"line":54},"4":{"name":"(anonymous_4)","decl":{"start":{"line":70,"column":22},"end":{"line":70,"column":23}},"loc":{"start":{"line":70,"column":48},"end":{"line":77,"column":1}},"line":70}},"branchMap":{"0":{"loc":{"start":{"line":20,"column":8},"end":{"line":22,"column":9}},"type":"if","locations":[{"start":{"line":20,"column":8},"end":{"line":22,"column":9}},{"start":{},"end":{}}],"line":20},"1":{"loc":{"start":{"line":62,"column":8},"end":{"line":64,"column":9}},"type":"if","locations":[{"start":{"line":62,"column":8},"end":{"line":64,"column":9}},{"start":{},"end":{}}],"line":62}},"s":{"0":2,"1":2,"2":2,"3":2,"4":2,"5":1,"6":1,"7":1,"8":0,"9":2,"10":2,"11":2,"12":2,"13":2,"14":1,"15":1,"16":1,"17":1,"18":1,"19":2,"20":1,"21":1,"22":1,"23":1,"24":1,"25":0,"26":2,"27":1,"28":1,"29":1,"30":1,"31":1,"32":0,"33":1,"34":0,"35":2,"36":1,"37":1,"38":1,"39":0,"40":2},"f":{"0":1,"1":2,"2":1,"3":1,"4":1},"b":{"0":[1,1],"1":[0,1]},"_coverageSchema":"1a1c01bbd47fc00a2c39e90264f33305004495a9","hash":"02bde75a82eae308d9a949460621a636a0222e80"}
}
